2017-04-28 14:46:15==>INFORMATION: ***********************************************************************
2017-04-28 14:46:15==>INFORMATION: SiInterface.dll开始初始化：
2017-04-28 14:46:15==>INFORMATION: 动态库内部版本号为：1018
2017-04-28 14:46:15==>INFORMATION: SiInterface.dll初始化成功！

2017-04-28 14:46:15==>DEBUG      : E:\CCRC\动态库\vobs\SBH607014_WLMQ_DLL\src\常州\常州\SiInterfaceAPI.cpp,50.输入串地址:0x24025a4,长度:[49字节,0 KB]
2017-04-28 14:46:15==>DEBUG      : E:\CCRC\动态库\vobs\SBH607014_WLMQ_DLL\src\常州\常州\SiInterfaceAPI.cpp,56.输出串地址:0x19f5d7,长度:[0字节,0 KB]
2017-04-28 14:46:15==>INFORMATION: 非城镇居民,交易号:9100
2017-04-28 14:46:15==>INFORMATION: ----------------------------------------------------------------------
2017-04-28 14:46:15==>INFORMATION: 交易开始
2017-04-28 14:46:15==>INFORMATION: INPUT FROM HIS = 9100^0010^7122^^20170428144615-0010-0001^0000^^1^
2017-04-28 14:46:15==>INFORMATION: CSiInterfaceApp::GetCentralCode()
2017-04-28 14:46:15==>DEBUG      : 读卡对象地址:0x0
2017-04-28 14:46:15==>INFORMATION: 默认生成常州老卡......
2017-04-28 14:46:15==>INFORMATION: strTransCode = theApp.GetCentralCode()
2017-04-28 14:46:15==>INFORMATION: CSiInterfaceApp::GetCentralCode()
2017-04-28 14:46:15==>DEBUG      : iBussinessId==0=theApp.EstimateUsedBussinessId()
2017-04-28 14:46:15==>INFORMATION: CSiInterfaceApp::EstimateUsedBussinessId(long lBussinessId)
2017-04-28 14:46:15==>INFORMATION: 已过滤交易号(EstimateUsedBussinessId)......9100
2017-04-28 14:46:15==>DEBUG      : 2iBussinessId==0=theApp.EstimateUsedBussinessId()
2017-04-28 14:46:15==>DEBUG      : 交易号:9100,卡无关交易
2017-04-28 14:46:15==>DEBUG      : 得到常州中心编码，标识:1
2017-04-28 14:46:15==>DEBUG      : 传入后台HIS数据为: 9100^0010^7122^^20170428144615-0010-0001^0000^^1^68F72884C749|80|^
2017-04-28 14:46:15==>DEBUG      : 传入后台读卡信息为: 
2017-04-28 14:46:15==>DEBUG      : 后台返回给HIS的数据为: 20170428144238-00000010-3147^00000010-7122-201704281442383146^^
2017-04-28 14:46:15==>DEBUG      : 后台传出写卡信息为: 
2017-04-28 14:46:15==>INFORMATION: 出口处：返回值为：0，传给his的数据为：20170428144238-00000010-3147^00000010-7122-201704281442383146^^1^
2017-04-28 14:46:15==>INFORMATION: 交易结束
2017-04-28 14:46:46==>INFORMATION: ***********************************************************************
2017-04-28 14:46:46==>INFORMATION: SiInterface.dll开始初始化：
2017-04-28 14:46:46==>INFORMATION: 动态库内部版本号为：1018
2017-04-28 14:46:46==>INFORMATION: SiInterface.dll初始化成功！

2017-04-28 14:46:46==>DEBUG      : E:\CCRC\动态库\vobs\SBH607014_WLMQ_DLL\src\常州\常州\SiInterfaceAPI.cpp,50.输入串地址:0x24325a4,长度:[49字节,0 KB]
2017-04-28 14:46:46==>DEBUG      : E:\CCRC\动态库\vobs\SBH607014_WLMQ_DLL\src\常州\常州\SiInterfaceAPI.cpp,56.输出串地址:0x19f5d7,长度:[0字节,0 KB]
2017-04-28 14:46:46==>INFORMATION: 非城镇居民,交易号:9100
2017-04-28 14:46:46==>INFORMATION: ----------------------------------------------------------------------
2017-04-28 14:46:46==>INFORMATION: 交易开始
2017-04-28 14:46:46==>INFORMATION: INPUT FROM HIS = 9100^0010^7122^^20170428144646-0010-0001^0000^^1^
2017-04-28 14:46:46==>INFORMATION: CSiInterfaceApp::GetCentralCode()
2017-04-28 14:46:46==>DEBUG      : 读卡对象地址:0x0
2017-04-28 14:46:46==>INFORMATION: 默认生成常州老卡......
2017-04-28 14:46:46==>INFORMATION: strTransCode = theApp.GetCentralCode()
2017-04-28 14:46:46==>INFORMATION: CSiInterfaceApp::GetCentralCode()
2017-04-28 14:46:46==>DEBUG      : iBussinessId==0=theApp.EstimateUsedBussinessId()
2017-04-28 14:46:46==>INFORMATION: CSiInterfaceApp::EstimateUsedBussinessId(long lBussinessId)
2017-04-28 14:46:46==>INFORMATION: 已过滤交易号(EstimateUsedBussinessId)......9100
2017-04-28 14:46:46==>DEBUG      : 2iBussinessId==0=theApp.EstimateUsedBussinessId()
2017-04-28 14:46:46==>DEBUG      : 交易号:9100,卡无关交易
2017-04-28 14:46:46==>DEBUG      : 得到常州中心编码，标识:1
2017-04-28 14:46:46==>DEBUG      : 传入后台HIS数据为: 9100^0010^7122^^20170428144646-0010-0001^0000^^1^68F72884C749|80|^
2017-04-28 14:46:46==>DEBUG      : 传入后台读卡信息为: 
2017-04-28 14:46:46==>DEBUG      : 后台返回给HIS的数据为: 20170428144309-00000010-3897^00000010-7122-201704281443093896^^
2017-04-28 14:46:46==>DEBUG      : 后台传出写卡信息为: 
2017-04-28 14:46:46==>INFORMATION: 出口处：返回值为：0，传给his的数据为：20170428144309-00000010-3897^00000010-7122-201704281443093896^^1^
2017-04-28 14:46:46==>INFORMATION: 交易结束
2017-04-28 14:46:54==>DEBUG      : E:\CCRC\动态库\vobs\SBH607014_WLMQ_DLL\src\常州\常州\SiInterfaceAPI.cpp,50.输入串地址:0x24366a0,长度:[49字节,0 KB]
2017-04-28 14:46:54==>DEBUG      : E:\CCRC\动态库\vobs\SBH607014_WLMQ_DLL\src\常州\常州\SiInterfaceAPI.cpp,56.输出串地址:0x19e5b3,长度:[0字节,0 KB]
2017-04-28 14:46:54==>INFORMATION: 非城镇居民,交易号:9110
2017-04-28 14:46:54==>INFORMATION: ----------------------------------------------------------------------
2017-04-28 14:46:54==>INFORMATION: 交易开始
2017-04-28 14:46:54==>INFORMATION: INPUT FROM HIS = 9110^0010^7122^^20170428144654-0010-0002^0000^^1^
2017-04-28 14:46:54==>INFORMATION: CSiInterfaceApp::GetCentralCode()
2017-04-28 14:46:54==>DEBUG      : 读卡对象地址:0x1004a998
2017-04-28 14:46:54==>INFORMATION: strTransCode = theApp.GetCentralCode()
2017-04-28 14:46:54==>INFORMATION: CSiInterfaceApp::GetCentralCode()
2017-04-28 14:46:54==>DEBUG      : iBussinessId==0=theApp.EstimateUsedBussinessId()
2017-04-28 14:46:54==>INFORMATION: CSiInterfaceApp::EstimateUsedBussinessId(long lBussinessId)
2017-04-28 14:46:54==>INFORMATION: 已过滤交易号(EstimateUsedBussinessId)......9110
2017-04-28 14:46:54==>DEBUG      : 2iBussinessId==0=theApp.EstimateUsedBussinessId()
2017-04-28 14:46:54==>DEBUG      : 交易号:9110,卡无关交易
2017-04-28 14:46:54==>DEBUG      : 得到常州中心编码，标识:1
2017-04-28 14:46:54==>DEBUG      : 传入后台HIS数据为: 9110^0010^7122^^20170428144654-0010-0002^0000^^1^68F72884C749|^
2017-04-28 14:46:54==>DEBUG      : 传入后台读卡信息为: 
2017-04-28 14:46:54==>DEBUG      : 后台返回给HIS的数据为: 20170428144317-00000010-4112^00000010-7122-201704281443174111^^
2017-04-28 14:46:54==>DEBUG      : 后台传出写卡信息为: 
2017-04-28 14:46:54==>INFORMATION: 出口处：返回值为：0，传给his的数据为：20170428144317-00000010-4112^00000010-7122-201704281443174111^^1^
2017-04-28 14:46:54==>INFORMATION: 交易结束
